<?xml version="1.0" encoding="UTF-8"?>
<testng-results ignored="0" total="0" passed="0" failed="0" skipped="0">
  <reporter-output>
  </reporter-output>
  <suite started-at="2023-04-10T09:31:50 PDT" name="Surefire suite" finished-at="2023-04-10T10:18:18 PDT" duration-ms="2787488">
    <groups>
    </groups>
    <test started-at="2023-04-10T09:31:50 PDT" name="Surefire test" finished-at="2023-04-10T10:18:18 PDT" duration-ms="2787488">
    </test> <!-- Surefire test -->
  </suite> <!-- Surefire suite -->
</testng-results>
