<?xml version="1.0" encoding="UTF-8"?>
<!-- Generated by org.testng.reporters.JUnitXMLReporter -->
<testsuite ignored="0" hostname="deepikas-mbp.lan" failures="0" tests="4" name="PetTest" time="5.512" errors="0" timestamp="2023-08-09T11:35:34 PDT">
  <testcase classname="api.test.UserTests" name="testUpdateUserByName" time="3.714"/>
  <testcase classname="api.test.UserTests" name="testPostUser" time="0.501"/>
  <testcase classname="api.test.UserTests" name="testGetUserByName" time="0.427"/>
  <testcase classname="api.test.UserTests" name="testDeleteUserByName" time="0.423"/>
</testsuite> <!-- PetTest -->
