<?xml version="1.0" encoding="UTF-8"?>
<testng-results ignored="0" total="1" passed="1" failed="0" skipped="0">
  <reporter-output>
  </reporter-output>
  <suite started-at="2023-10-09T22:17:40 PDT" name="Default suite" finished-at="2023-10-09T22:17:53 PDT" duration-ms="12723">
    <groups>
    </groups>
    <test started-at="2023-10-09T22:17:40 PDT" name="Default test" finished-at="2023-10-09T22:17:53 PDT" duration-ms="12723">
      <class name="Xpath.XpathAxes">
        <test-method is-config="true" signature="launchBrowser()[pri:0, instance:Xpath.XpathAxes@242b836]" started-at="2023-10-09T22:17:40 PDT" name="launchBrowser" finished-at="2023-10-09T22:17:51 PDT" duration-ms="11419" status="PASS">
          <reporter-output>
          </reporter-output>
        </test-method> <!-- launchBrowser -->
        <test-method signature="login()[pri:0, instance:Xpath.XpathAxes@242b836]" started-at="2023-10-09T22:17:51 PDT" name="login" finished-at="2023-10-09T22:17:53 PDT" duration-ms="1192" status="PASS">
          <reporter-output>
          </reporter-output>
        </test-method> <!-- login -->
        <test-method is-config="true" signature="tearDown()[pri:0, instance:Xpath.XpathAxes@242b836]" started-at="2023-10-09T22:17:53 PDT" name="tearDown" finished-at="2023-10-09T22:17:53 PDT" duration-ms="0" status="PASS">
          <reporter-output>
          </reporter-output>
        </test-method> <!-- tearDown -->
      </class> <!-- Xpath.XpathAxes -->
    </test> <!-- Default test -->
  </suite> <!-- Default suite -->
</testng-results>
