<?xml version="1.0" encoding="UTF-8"?>
<testng-results skipped="0" failed="0" ignored="0" total="1" passed="1">
  <reporter-output>
  </reporter-output>
  <suite name="Default suite" duration-ms="28397" started-at="2023-04-10T23:52:44 IST" finished-at="2023-04-10T23:53:13 IST">
    <groups>
    </groups>
    <test name="Default test" duration-ms="28397" started-at="2023-04-10T23:52:44 IST" finished-at="2023-04-10T23:53:13 IST">
      <class name="com.mobile.test.MobileAutomation">
        <test-method status="PASS" signature="before()[pri:0, instance:com.mobile.test.MobileAutomation@3891771e]" name="before" is-config="true" duration-ms="28322" started-at="2023-04-10T23:52:44 IST" finished-at="2023-04-10T23:53:13 IST">
          <reporter-output>
          </reporter-output>
        </test-method> <!-- before -->
        <test-method status="PASS" signature="validatecalculator()[pri:0, instance:com.mobile.test.MobileAutomation@3891771e]" name="validatecalculator" duration-ms="9" started-at="2023-04-10T23:53:13 IST" finished-at="2023-04-10T23:53:13 IST">
          <reporter-output>
          </reporter-output>
        </test-method> <!-- validatecalculator -->
        <test-method status="PASS" signature="teardown()[pri:0, instance:com.mobile.test.MobileAutomation@3891771e]" name="teardown" is-config="true" duration-ms="0" started-at="2023-04-10T23:53:13 IST" finished-at="2023-04-10T23:53:13 IST">
          <reporter-output>
          </reporter-output>
        </test-method> <!-- teardown -->
      </class> <!-- com.mobile.test.MobileAutomation -->
    </test> <!-- Default test -->
  </suite> <!-- Default suite -->
</testng-results>
