<?xml version="1.0" encoding="UTF-8"?>
<!-- Generated by org.testng.reporters.JUnitXMLReporter -->
<testsuite ignored="1" hostname="deepikas-mbp.lan" failures="0" tests="4" name="Test1" time="103.152" errors="0" timestamp="2023-10-12T10:23:49 PDT">
  <testcase classname="usinggroups.ParameterByITestContextInDataprovider" name="testMethodA" time="5.177"/>
  <testcase classname="usinggroups.ParameterByITestContextInDataprovider" name="testMethodA" time="4.784"/>
  <testcase classname="usinggroups.ParameterByITestContextInDataprovider" name="testMethodA" time="5.628"/>
  <testcase classname="usinggroups.ParameterByITestContextInDataprovider" name="testMethodA" time="6.814"/>
  <testcase classname="usinggroups.ParameterByITestContextInDataprovider" name="testMethodB" time="0.0">
    <ignored/>
  </testcase> <!-- testMethodB -->
</testsuite> <!-- Test1 -->
