<?xml version="1.0" encoding="UTF-8"?>
<!-- Generated by org.testng.reporters.JUnitXMLReporter -->
<testsuite ignored="1" hostname="deepikas-mbp.lan" failures="0" tests="4" name="Test2" time="121.555" errors="0" timestamp="2023-10-12T10:25:51 PDT">
  <testcase classname="usinggroups.ParameterByITestContextInDataprovider" name="testMethodB" time="6.288"/>
  <testcase classname="usinggroups.ParameterByITestContextInDataprovider" name="testMethodB" time="7.621"/>
  <testcase classname="usinggroups.ParameterByITestContextInDataprovider" name="testMethodB" time="6.318"/>
  <testcase classname="usinggroups.ParameterByITestContextInDataprovider" name="testMethodB" time="8.265"/>
  <testcase classname="usinggroups.ParameterByITestContextInDataprovider" name="testMethodA" time="0.0">
    <ignored/>
  </testcase> <!-- testMethodA -->
</testsuite> <!-- Test2 -->
