<?xml version="1.0" encoding="UTF-8"?>
<!-- Generated by org.testng.reporters.JUnitXMLReporter -->
<testsuite ignored="0" hostname="Deepikas-MBP.attlocal.net" failures="0" tests="3" name="Test" time="45.981" errors="0" timestamp="2023-09-21T11:19:59 PDT">
  <testcase classname="com.seleniumgrid.parallelTest.ParallelTest" name="test1" time="17.888"/>
  <testcase classname="com.seleniumgrid.parallelTest.ParallelTest" name="test2" time="16.646"/>
  <testcase classname="com.seleniumgrid.parallelTest.ParallelTest" name="test3" time="10.902"/>
</testsuite> <!-- Test -->
