<?xml version="1.0" encoding="UTF-8"?>
<testng-results ignored="0" total="0" passed="0" failed="0" skipped="0">
  <reporter-output>
  </reporter-output>
  <suite started-at="2023-04-12T17:16:23 PDT" name="com.mobile.test.CalculatorTest" finished-at="2023-04-12T17:16:23 PDT" duration-ms="3">
    <groups>
    </groups>
    <test started-at="2023-04-12T17:16:23 PDT" name="Command line test" finished-at="2023-04-12T17:16:23 PDT" duration-ms="3">
    </test> <!-- Command line test -->
  </suite> <!-- com.mobile.test.CalculatorTest -->
</testng-results>
