<?xml version="1.0" encoding="UTF-8"?>
<!-- Generated by org.testng.reporters.JUnitXMLReporter -->
<testsuite ignored="0" hostname="Deepikas-MBP.attlocal.net" failures="0" tests="6" name="Parallel Test" time="27.328" errors="0" timestamp="2023-09-20T11:59:24 PDT">
  <testcase classname="com.training.ParallelTest.FirefoxTest" name="testTitle" time="0.011"/>
  <testcase classname="com.training.ParallelTest.ChromeTest" name="testTitle" time="0.014"/>
  <testcase classname="com.training.ParallelTest.ChromeTest" name="clickOffers" time="3.194"/>
  <testcase classname="com.training.ParallelTest.FirefoxTest" name="clickOffers" time="3.422"/>
  <testcase classname="com.training.ParallelTest.FirefoxTest" name="clickOrders" time="2.669"/>
  <testcase classname="com.training.ParallelTest.ChromeTest" name="clickOrders" time="4.631"/>
</testsuite> <!-- Parallel Test -->
