<?xml version="1.0" encoding="UTF-8"?>
<testng-results ignored="0" total="0" passed="0" failed="0" skipped="0">
  <reporter-output>
  </reporter-output>
  <suite started-at="2023-07-05T08:36:29 PDT" name="TestCases.LoginTest" finished-at="2023-07-05T08:36:29 PDT" duration-ms="11">
    <groups>
    </groups>
    <test started-at="2023-07-05T08:36:29 PDT" name="Command line test" finished-at="2023-07-05T08:36:29 PDT" duration-ms="11">
    </test> <!-- Command line test -->
  </suite> <!-- TestCases.LoginTest -->
</testng-results>
