<?xml version="1.0" encoding="UTF-8"?>
<testng-results ignored="0" total="1" passed="1" failed="0" skipped="0">
  <reporter-output>
  </reporter-output>
  <suite started-at="2023-07-31T22:49:16 PDT" name="Default suite" finished-at="2023-07-31T22:49:20 PDT" duration-ms="3859">
    <groups>
    </groups>
    <test started-at="2023-07-31T22:49:16 PDT" name="Default test" finished-at="2023-07-31T22:49:20 PDT" duration-ms="3859">
      <class name="com.training.restapi.ApiAutomationUsers">
        <test-method signature="validate()[pri:0, instance:com.training.restapi.ApiAutomationUsers@272ed83b]" started-at="2023-07-31T22:49:16 PDT" name="validate" finished-at="2023-07-31T22:49:20 PDT" duration-ms="3795" status="PASS">
          <reporter-output>
          </reporter-output>
        </test-method> <!-- validate -->
      </class> <!-- com.training.restapi.ApiAutomationUsers -->
    </test> <!-- Default test -->
  </suite> <!-- Default suite -->
</testng-results>
