<?xml version="1.0" encoding="UTF-8"?>
<!-- Generated by org.testng.reporters.JUnitXMLReporter -->
<testsuite ignored="2" hostname="deepikas-mbp.lan" failures="0" tests="1" name="Default test" time="23.759" errors="0" timestamp="2023-09-28T11:50:47 PDT">
  <testcase classname="GooglePage" name="Test1" time="23.604"/>
  <testcase classname="GooglePage" name="Test2" time="0.0">
    <ignored/>
  </testcase> <!-- Test2 -->
  <testcase classname="GooglePage" name="Test3" time="0.0">
    <ignored/>
  </testcase> <!-- Test3 -->
</testsuite> <!-- Default test -->
