<?xml version="1.0" encoding="UTF-8"?>
<testng-results ignored="0" total="3" passed="3" failed="0" skipped="0">
  <reporter-output>
  </reporter-output>
  <suite started-at="2023-09-28T11:55:32 PDT" name="Suite" finished-at="2023-09-28T11:57:45 PDT" duration-ms="132830">
    <groups>
    </groups>
    <test started-at="2023-09-28T11:55:32 PDT" name="Test" finished-at="2023-09-28T11:57:45 PDT" duration-ms="132830">
      <class name="GooglePage">
        <test-method is-config="true" signature="GridSetup()[pri:0, instance:GooglePage@2a7f1f10]" started-at="2023-09-28T11:55:32 PDT" name="GridSetup" finished-at="2023-09-28T11:55:32 PDT" duration-ms="9" status="PASS">
          <reporter-output>
          </reporter-output>
        </test-method> <!-- GridSetup -->
        <test-method signature="Test1()[pri:0, instance:GooglePage@2a7f1f10]" started-at="2023-09-28T11:55:32 PDT" name="Test1" finished-at="2023-09-28T11:56:00 PDT" duration-ms="27974" status="PASS">
          <reporter-output>
          </reporter-output>
        </test-method> <!-- Test1 -->
        <test-method is-config="true" signature="tearDown()[pri:0, instance:GooglePage@2a7f1f10]" started-at="2023-09-28T11:56:00 PDT" name="tearDown" finished-at="2023-09-28T11:56:01 PDT" duration-ms="601" status="PASS">
          <reporter-output>
          </reporter-output>
        </test-method> <!-- tearDown -->
        <test-method is-config="true" signature="GridSetup()[pri:0, instance:GooglePage@2a7f1f10]" started-at="2023-09-28T11:56:01 PDT" name="GridSetup" finished-at="2023-09-28T11:56:01 PDT" duration-ms="3" status="PASS">
          <reporter-output>
          </reporter-output>
        </test-method> <!-- GridSetup -->
        <test-method signature="Test2()[pri:0, instance:GooglePage@2a7f1f10]" started-at="2023-09-28T11:56:01 PDT" name="Test2" finished-at="2023-09-28T11:56:12 PDT" duration-ms="10774" status="PASS">
          <reporter-output>
          </reporter-output>
        </test-method> <!-- Test2 -->
        <test-method is-config="true" signature="tearDown()[pri:0, instance:GooglePage@2a7f1f10]" started-at="2023-09-28T11:56:12 PDT" name="tearDown" finished-at="2023-09-28T11:56:13 PDT" duration-ms="1169" status="PASS">
          <reporter-output>
          </reporter-output>
        </test-method> <!-- tearDown -->
        <test-method is-config="true" signature="GridSetup()[pri:0, instance:GooglePage@2a7f1f10]" started-at="2023-09-28T11:56:13 PDT" name="GridSetup" finished-at="2023-09-28T11:56:13 PDT" duration-ms="2" status="PASS">
          <reporter-output>
          </reporter-output>
        </test-method> <!-- GridSetup -->
        <test-method signature="Test3()[pri:0, instance:GooglePage@2a7f1f10]" started-at="2023-09-28T11:56:13 PDT" name="Test3" finished-at="2023-09-28T11:57:45 PDT" duration-ms="91497" status="PASS">
          <reporter-output>
          </reporter-output>
        </test-method> <!-- Test3 -->
        <test-method is-config="true" signature="tearDown()[pri:0, instance:GooglePage@2a7f1f10]" started-at="2023-09-28T11:57:45 PDT" name="tearDown" finished-at="2023-09-28T11:57:45 PDT" duration-ms="338" status="PASS">
          <reporter-output>
          </reporter-output>
        </test-method> <!-- tearDown -->
      </class> <!-- GooglePage -->
    </test> <!-- Test -->
  </suite> <!-- Suite -->
</testng-results>
