<?xml version="1.0" encoding="UTF-8"?>
<!-- Generated by org.testng.reporters.JUnitXMLReporter -->
<testsuite ignored="0" hostname="deepikas-mbp.lan" failures="0" tests="6" name="Default test" time="7.528" errors="0" timestamp="2023-08-09T11:15:29 PDT">
  <testcase classname="api.test.DDTests" name="testPostuser" time="3.174"/>
  <testcase classname="api.test.DDTests" name="testPostuser" time="0.492"/>
  <testcase classname="api.test.DDTests" name="testPostuser" time="0.427"/>
  <testcase classname="api.test.DDTests" name="textDeleteUserByName" time="0.467"/>
  <testcase classname="api.test.DDTests" name="textDeleteUserByName" time="0.455"/>
  <testcase classname="api.test.DDTests" name="textDeleteUserByName" time="0.447"/>
</testsuite> <!-- Default test -->
