<?xml version="1.0" encoding="UTF-8"?>
<testng-results ignored="0" total="1" passed="1" failed="0" skipped="0">
  <reporter-output>
  </reporter-output>
  <suite started-at="2023-04-13T15:40:44 PDT" name="Default suite" finished-at="2023-04-13T15:40:51 PDT" duration-ms="7298">
    <groups>
    </groups>
    <test started-at="2023-04-13T15:40:44 PDT" name="Default test" finished-at="2023-04-13T15:40:51 PDT" duration-ms="7298">
      <class name="com.mobile.test.AlertViewTest">
        <test-method is-config="true" signature="beforeMethod()[pri:0, instance:com.mobile.test.AlertViewTest@a9cd3b1]" started-at="2023-04-13T15:40:44 PDT" name="beforeMethod" finished-at="2023-04-13T15:40:48 PDT" duration-ms="4142" status="PASS">
          <reporter-output>
          </reporter-output>
        </test-method> <!-- beforeMethod -->
        <test-method signature="alertView()[pri:0, instance:com.mobile.test.AlertViewTest@a9cd3b1]" started-at="2023-04-13T15:40:48 PDT" name="alertView" finished-at="2023-04-13T15:40:51 PDT" duration-ms="3116" status="PASS">
          <reporter-output>
          </reporter-output>
        </test-method> <!-- alertView -->
        <test-method is-config="true" signature="tearDown()[pri:0, instance:com.mobile.test.AlertViewTest@a9cd3b1]" started-at="2023-04-13T15:40:51 PDT" name="tearDown" finished-at="2023-04-13T15:40:51 PDT" duration-ms="1" status="PASS">
          <reporter-output>
          </reporter-output>
        </test-method> <!-- tearDown -->
      </class> <!-- com.mobile.test.AlertViewTest -->
    </test> <!-- Default test -->
  </suite> <!-- Default suite -->
</testng-results>
