<?xml version="1.0" encoding="UTF-8"?>
<testng-results ignored="0" total="3" passed="3" failed="0" skipped="0">
  <reporter-output>
  </reporter-output>
  <suite started-at="2023-09-21T11:19:13 PDT" name="Suite" finished-at="2023-09-21T11:19:59 PDT" duration-ms="45981">
    <groups>
    </groups>
    <test started-at="2023-09-21T11:19:13 PDT" name="Test" finished-at="2023-09-21T11:19:59 PDT" duration-ms="45981">
      <class name="com.seleniumgrid.parallelTest.ParallelTest">
        <test-method is-config="true" signature="beforeMethod()[pri:0, instance:com.seleniumgrid.parallelTest.ParallelTest@5d7148e2]" started-at="2023-09-21T11:19:13 PDT" name="beforeMethod" finished-at="2023-09-21T11:19:48 PDT" duration-ms="34828" status="PASS">
          <reporter-output>
          </reporter-output>
        </test-method> <!-- beforeMethod -->
        <test-method is-config="true" signature="beforeMethod()[pri:0, instance:com.seleniumgrid.parallelTest.ParallelTest@5d7148e2]" started-at="2023-09-21T11:19:13 PDT" name="beforeMethod" finished-at="2023-09-21T11:19:23 PDT" duration-ms="10420" status="PASS">
          <reporter-output>
          </reporter-output>
        </test-method> <!-- beforeMethod -->
        <test-method is-config="true" signature="beforeMethod()[pri:0, instance:com.seleniumgrid.parallelTest.ParallelTest@5d7148e2]" started-at="2023-09-21T11:19:13 PDT" name="beforeMethod" finished-at="2023-09-21T11:19:20 PDT" duration-ms="6684" status="PASS">
          <reporter-output>
          </reporter-output>
        </test-method> <!-- beforeMethod -->
        <test-method signature="test1()[pri:0, instance:com.seleniumgrid.parallelTest.ParallelTest@5d7148e2]" started-at="2023-09-21T11:19:20 PDT" name="test1" finished-at="2023-09-21T11:19:38 PDT" duration-ms="17888" status="PASS">
          <reporter-output>
          </reporter-output>
        </test-method> <!-- test1 -->
        <test-method signature="test2()[pri:0, instance:com.seleniumgrid.parallelTest.ParallelTest@5d7148e2]" started-at="2023-09-21T11:19:23 PDT" name="test2" finished-at="2023-09-21T11:19:40 PDT" duration-ms="16646" status="PASS">
          <reporter-output>
          </reporter-output>
        </test-method> <!-- test2 -->
        <test-method is-config="true" signature="teardown()[pri:0, instance:com.seleniumgrid.parallelTest.ParallelTest@5d7148e2]" started-at="2023-09-21T11:19:38 PDT" name="teardown" finished-at="2023-09-21T11:19:40 PDT" duration-ms="2614" status="PASS">
          <reporter-output>
          </reporter-output>
        </test-method> <!-- teardown -->
        <test-method is-config="true" signature="teardown()[pri:0, instance:com.seleniumgrid.parallelTest.ParallelTest@5d7148e2]" started-at="2023-09-21T11:19:40 PDT" name="teardown" finished-at="2023-09-21T11:19:40 PDT" duration-ms="140" status="PASS">
          <reporter-output>
          </reporter-output>
        </test-method> <!-- teardown -->
        <test-method signature="test3()[pri:0, instance:com.seleniumgrid.parallelTest.ParallelTest@5d7148e2]" started-at="2023-09-21T11:19:48 PDT" name="test3" finished-at="2023-09-21T11:19:59 PDT" duration-ms="10902" status="PASS">
          <reporter-output>
          </reporter-output>
        </test-method> <!-- test3 -->
        <test-method is-config="true" signature="teardown()[pri:0, instance:com.seleniumgrid.parallelTest.ParallelTest@5d7148e2]" started-at="2023-09-21T11:19:59 PDT" name="teardown" finished-at="2023-09-21T11:19:59 PDT" duration-ms="133" status="PASS">
          <reporter-output>
          </reporter-output>
        </test-method> <!-- teardown -->
      </class> <!-- com.seleniumgrid.parallelTest.ParallelTest -->
    </test> <!-- Test -->
  </suite> <!-- Suite -->
</testng-results>
